<?xml version="1.0" encoding="UTF-8"?>
<!-- Generated by org.testng.reporters.JUnitXMLReporter -->
<testsuite ignored="2" hostname="DESKTOP-M6APTDR" failures="0" tests="2" name="Test" time="0.042" errors="0" timestamp="2021-07-15T10:55:59 EDT">
  <testcase classname="tests.Class1" name="test2" time="0.007"/>
  <testcase classname="tests.Class2" name="test4" time="0.001"/>
  <testcase classname="tests.Class2" name="test3" time="0.0">
    <ignored/>
  </testcase> <!-- test3 -->
  <testcase classname="tests.Class1" name="test1" time="0.0">
    <ignored/>
  </testcase> <!-- test1 -->
</testsuite> <!-- Test -->
