<?xml version="1.0" encoding="UTF-8"?>
<testng-results ignored="2" total="4" passed="2" failed="0" skipped="0">
  <reporter-output>
  </reporter-output>
  <suite started-at="2021-07-15T10:55:59 EDT" name="Suite" finished-at="2021-07-15T10:55:59 EDT" duration-ms="42">
    <groups>
      <group name="regression">
        <method signature="Class1.test2()[pri:0, instance:tests.Class1@4efc180e]" name="test2" class="tests.Class1"/>
        <method signature="Class2.test4()[pri:0, instance:tests.Class2@35aea049]" name="test4" class="tests.Class2"/>
      </group> <!-- regression -->
    </groups>
    <test started-at="2021-07-15T10:55:59 EDT" name="Test" finished-at="2021-07-15T10:55:59 EDT" duration-ms="42">
      <class name="tests.Class2">
        <test-method signature="test4()[pri:0, instance:tests.Class2@35aea049]" started-at="2021-07-15T10:55:59 EDT" name="test4" finished-at="2021-07-15T10:55:59 EDT" duration-ms="1" status="PASS">
          <reporter-output>
          </reporter-output>
        </test-method> <!-- test4 -->
      </class> <!-- tests.Class2 -->
      <class name="tests.Class1">
        <test-method signature="test2()[pri:0, instance:tests.Class1@4efc180e]" started-at="2021-07-15T10:55:59 EDT" name="test2" finished-at="2021-07-15T10:55:59 EDT" duration-ms="7" status="PASS">
          <reporter-output>
          </reporter-output>
        </test-method> <!-- test2 -->
      </class> <!-- tests.Class1 -->
    </test> <!-- Test -->
  </suite> <!-- Suite -->
</testng-results>
